This is pdfTeX, Version 3.14159265-2.6-1.40.21 (MiKTeX 21.1) (preloaded format=pdflatex 2021.1.19)  8 OCT 2024 20:08
entering extended mode
**./m2411_taylor_polynomials.tex
(m2411_taylor_polynomials.tex
LaTeX2e <2020-10-01> patch level 4
L3 programming layer <2021-01-09> xparse <2020-03-03>
(C:\Users\river\AppData\Local\Programs\MiKTeX\tex/latex/base\article.cls
Document Class: article 2020/04/10 v1.4m Standard LaTeX document class
(C:\Users\river\AppData\Local\Programs\MiKTeX\tex/latex/base\size11.clo
File: size11.clo 2020/04/10 v1.4m Standard LaTeX file (size option)
)
\c@part=\count177
\c@section=\count178
\c@subsection=\count179
\c@subsubsection=\count180
\c@paragraph=\count181
\c@subparagraph=\count182
\c@figure=\count183
\c@table=\count184
\abovecaptionskip=\skip47
\belowcaptionskip=\skip48
\bibindent=\dimen138
)
(C:\Users\river\AppData\Local\Programs\MiKTeX\tex/latex/amsmath\amsmath.sty
Package: amsmath 2020/09/23 v2.17i AMS math features
\@mathmargin=\skip49

For additional information on amsmath, use the `?' option.
(C:\Users\river\AppData\Local\Programs\MiKTeX\tex/latex/amsmath\amstext.sty
Package: amstext 2000/06/29 v2.01 AMS text

(C:\Users\river\AppData\Local\Programs\MiKTeX\tex/latex/amsmath\amsgen.sty
File: amsgen.sty 1999/11/30 v2.0 generic functions
\@emptytoks=\toks15
\ex@=\dimen139
))
(C:\Users\river\AppData\Local\Programs\MiKTeX\tex/latex/amsmath\amsbsy.sty
Package: amsbsy 1999/11/29 v1.2d Bold Symbols
\pmbraise@=\dimen140
)
(C:\Users\river\AppData\Local\Programs\MiKTeX\tex/latex/amsmath\amsopn.sty
Package: amsopn 2016/03/08 v2.02 operator names
)
\inf@bad=\count185
LaTeX Info: Redefining \frac on input line 234.
\uproot@=\count186
\leftroot@=\count187
LaTeX Info: Redefining \overline on input line 399.
\classnum@=\count188
\DOTSCASE@=\count189
LaTeX Info: Redefining \ldots on input line 496.
LaTeX Info: Redefining \dots on input line 499.
LaTeX Info: Redefining \cdots on input line 620.
\Mathstrutbox@=\box47
\strutbox@=\box48
\big@size=\dimen141
LaTeX Font Info:    Redeclaring font encoding OML on input line 743.
LaTeX Font Info:    Redeclaring font encoding OMS on input line 744.
\macc@depth=\count190
\c@MaxMatrixCols=\count191
\dotsspace@=\muskip16
\c@parentequation=\count192
\dspbrk@lvl=\count193
\tag@help=\toks16
\row@=\count194
\column@=\count195
\maxfields@=\count196
\andhelp@=\toks17
\eqnshift@=\dimen142
\alignsep@=\dimen143
\tagshift@=\dimen144
\tagwidth@=\dimen145
\totwidth@=\dimen146
\lineht@=\dimen147
\@envbody=\toks18
\multlinegap=\skip50
\multlinetaggap=\skip51
\mathdisplay@stack=\toks19
LaTeX Info: Redefining \[ on input line 2923.
LaTeX Info: Redefining \] on input line 2924.
)
(C:\Users\river\AppData\Local\Programs\MiKTeX\tex/latex/amscls\amsthm.sty
Package: amsthm 2020/05/29 v2.20.6
\thm@style=\toks20
\thm@bodyfont=\toks21
\thm@headfont=\toks22
\thm@notefont=\toks23
\thm@headpunct=\toks24
\thm@preskip=\skip52
\thm@postskip=\skip53
\thm@headsep=\skip54
\dth@everypar=\toks25
)
(C:\Users\river\AppData\Local\Programs\MiKTeX\tex/latex/amsfonts\amssymb.sty
Package: amssymb 2013/01/14 v3.01 AMS font symbols

(C:\Users\river\AppData\Local\Programs\MiKTeX\tex/latex/amsfonts\amsfonts.sty
Package: amsfonts 2013/01/14 v3.01 Basic AMSFonts support
\symAMSa=\mathgroup4
\symAMSb=\mathgroup5
LaTeX Font Info:    Redeclaring math symbol \hbar on input line 98.
LaTeX Font Info:    Overwriting math alphabet `\mathfrak' in version `bold'
(Font)                  U/euf/m/n --> U/euf/b/n on input line 106.
))
(C:\Users\river\AppData\Local\Programs\MiKTeX\tex/latex/mathtools\mathtools.sty
Package: mathtools 2021/04/12 v1.27 mathematical typesetting tools
(C:\Users\river\AppData\Local\Programs\MiKTeX\tex/latex/graphics\keyval.sty
Package: keyval 2014/10/28 v1.15 key=value parser (DPC)
\KV@toks@=\toks26
)
(C:\Users\river\AppData\Local\Programs\MiKTeX\tex/latex/latex-tools\calc.sty
Package: calc 2017/05/25 v4.3 Infix arithmetic (KKT,FJ)
\calc@Acount=\count197
\calc@Bcount=\count198
\calc@Adimen=\dimen148
\calc@Bdimen=\dimen149
\calc@Askip=\skip55
\calc@Bskip=\skip56
LaTeX Info: Redefining \setlength on input line 80.
LaTeX Info: Redefining \addtolength on input line 81.
\calc@Ccount=\count199
\calc@Cskip=\skip57
)
(C:\Users\river\AppData\Local\Programs\MiKTeX\tex/latex/mathtools\mhsetup.sty
Package: mhsetup 2021/03/18 v1.4 programming setup (MH)
)
LaTeX Info: Thecontrolsequence`\('isalreadyrobust on input line 130.
LaTeX Info: Thecontrolsequence`\)'isalreadyrobust on input line 130.
LaTeX Info: Thecontrolsequence`\['isalreadyrobust on input line 130.
LaTeX Info: Thecontrolsequence`\]'isalreadyrobust on input line 130.
\g_MT_multlinerow_int=\count266
\l_MT_multwidth_dim=\dimen150
\origjot=\skip58
\l_MT_shortvdotswithinadjustabove_dim=\dimen151
\l_MT_shortvdotswithinadjustbelow_dim=\dimen152
\l_MT_above_intertext_sep=\dimen153
\l_MT_below_intertext_sep=\dimen154
\l_MT_above_shortintertext_sep=\dimen155
\l_MT_below_shortintertext_sep=\dimen156
\xmathstrut@box=\box49
\xmathstrut@dim=\dimen157
) (C:\Users\river\AppData\Local\Programs\MiKTeX\tex/latex/base\latexsym.sty
Package: latexsym 1998/08/17 v2.2e Standard LaTeX package (lasy symbols)
\symlasy=\mathgroup6
LaTeX Font Info:    Overwriting symbol font `lasy' in version `bold'
(Font)                  U/lasy/m/n --> U/lasy/b/n on input line 52.
)
(C:\Users\river\AppData\Local\Programs\MiKTeX\tex/latex/graphics\graphicx.sty
Package: graphicx 2020/09/09 v1.2b Enhanced LaTeX Graphics (DPC,SPQR)

(C:\Users\river\AppData\Local\Programs\MiKTeX\tex/latex/graphics\graphics.sty
Package: graphics 2020/08/30 v1.4c Standard LaTeX Graphics (DPC,SPQR)

(C:\Users\river\AppData\Local\Programs\MiKTeX\tex/latex/graphics\trig.sty
Package: trig 2016/01/03 v1.10 sin cos tan (DPC)
)
(C:\Users\river\AppData\Local\Programs\MiKTeX\tex/latex/graphics-cfg\graphics.c
fg
File: graphics.cfg 2016/06/04 v1.11 sample graphics configuration
)
Package graphics Info: Driver file: pdftex.def on input line 105.

(C:\Users\river\AppData\Local\Programs\MiKTeX\tex/latex/graphics-def\pdftex.def
File: pdftex.def 2020/10/05 v1.2a Graphics/color driver for pdftex
))
\Gin@req@height=\dimen158
\Gin@req@width=\dimen159
) (C:\Users\river\AppData\Local\Programs\MiKTeX\tex/latex/graphics\color.sty
Package: color 2020/02/24 v1.2b Standard LaTeX Color (DPC)

(C:\Users\river\AppData\Local\Programs\MiKTeX\tex/latex/graphics-cfg\color.cfg
File: color.cfg 2016/01/02 v1.6 sample color configuration
)
Package color Info: Driver file: pdftex.def on input line 147.
)
(C:\Users\river\AppData\Local\Programs\MiKTeX\tex/latex/latex-tools\verbatim.st
y
Package: verbatim 2020-07-07 v1.5u LaTeX2e package for verbatim enhancements
\every@verbatim=\toks27
\verbatim@line=\toks28
\verbatim@in@stream=\read2
) (C:\Users\river\AppData\Local\Programs\MiKTeX\tex/latex/float\float.sty
Package: float 2001/11/08 v1.3d Float enhancements (AL)
\c@float@type=\count267
\float@exts=\toks29
\float@box=\box50
\@float@everytoks=\toks30
\@floatcapt=\box51
)
(C:\Users\river\AppData\Local\Programs\MiKTeX\tex/latex/latex-tools\multicol.st
y
Package: multicol 2019/12/09 v1.8y multicolumn formatting (FMi)
\c@tracingmulticols=\count268
\mult@box=\box52
\multicol@leftmargin=\dimen160
\c@unbalance=\count269
\c@collectmore=\count270
\doublecol@number=\count271
\multicoltolerance=\count272
\multicolpretolerance=\count273
\full@width=\dimen161
\page@free=\dimen162
\premulticols=\dimen163
\postmulticols=\dimen164
\multicolsep=\skip59
\multicolbaselineskip=\skip60
\partial@page=\box53
\last@line=\box54
\maxbalancingoverflow=\dimen165
\mult@rightbox=\box55
\mult@grightbox=\box56
\mult@gfirstbox=\box57
\mult@firstbox=\box58
\@tempa=\box59
\@tempa=\box60
\@tempa=\box61
\@tempa=\box62
\@tempa=\box63
\@tempa=\box64
\@tempa=\box65
\@tempa=\box66
\@tempa=\box67
\@tempa=\box68
\@tempa=\box69
\@tempa=\box70
\@tempa=\box71
\@tempa=\box72
\@tempa=\box73
\@tempa=\box74
\@tempa=\box75
\@tempa=\box76
\@tempa=\box77
\@tempa=\box78
\@tempa=\box79
\@tempa=\box80
\@tempa=\box81
\@tempa=\box82
\@tempa=\box83
\@tempa=\box84
\@tempa=\box85
\@tempa=\box86
\@tempa=\box87
\@tempa=\box88
\@tempa=\box89
\@tempa=\box90
\@tempa=\box91
\@tempa=\box92
\@tempa=\box93
\@tempa=\box94
\@tempa=\box95
\c@minrows=\count274
\c@columnbadness=\count275
\c@finalcolumnbadness=\count276
\last@try=\dimen166
\multicolovershoot=\dimen167
\multicolundershoot=\dimen168
\mult@nat@firstbox=\box96
\colbreak@box=\box97
\mc@col@check@num=\count277
)
(C:\Users\river\AppData\Local\Programs\MiKTeX\tex/latex/pdfpages\pdfpages.sty
Package: pdfpages 2021/01/09 v0.5r Insert pages of external PDF documents (AM)

(C:\Users\river\AppData\Local\Programs\MiKTeX\tex/latex/base\ifthen.sty
Package: ifthen 2014/09/29 v1.1c Standard LaTeX ifthen package (DPC)
)
(C:\Users\river\AppData\Local\Programs\MiKTeX\tex/latex/eso-pic\eso-pic.sty
Package: eso-pic 2020/10/14 v3.0a eso-pic (RN)
\ESO@tempdima=\dimen169
\ESO@tempdimb=\dimen170
)
\AM@pagewidth=\dimen171
\AM@pageheight=\dimen172

(C:\Users\river\AppData\Local\Programs\MiKTeX\tex/latex/pdfpages\pppdftex.def
File: pppdftex.def 2021/01/09 v0.5r Pdfpages driver for pdfTeX (AM)
)
\pdfpages@includegraphics@status=\count278
\AM@pagebox=\box98
\AM@global@opts=\toks31
\AM@pagecnt=\count279
\AM@toc@title=\toks32
\c@AM@survey=\count280
\AM@templatesizebox=\box99
) (C:\Users\river\AppData\Local\Programs\MiKTeX\tex/latex/geometry\geometry.sty
Package: geometry 2020/01/02 v5.9 Page Geometry

(C:\Users\river\AppData\Local\Programs\MiKTeX\tex/generic/iftex\ifvtex.sty
Package: ifvtex 2019/10/25 v1.7 ifvtex legacy package. Use iftex instead.

(C:\Users\river\AppData\Local\Programs\MiKTeX\tex/generic/iftex\iftex.sty
Package: iftex 2020/03/06 v1.0d TeX engine tests
))
\Gm@cnth=\count281
\Gm@cntv=\count282
\c@Gm@tempcnt=\count283
\Gm@bindingoffset=\dimen173
\Gm@wd@mp=\dimen174
\Gm@odd@mp=\dimen175
\Gm@even@mp=\dimen176
\Gm@layoutwidth=\dimen177
\Gm@layoutheight=\dimen178
\Gm@layouthoffset=\dimen179
\Gm@layoutvoffset=\dimen180
\Gm@dimlist=\toks33

(C:\Users\river\AppData\Local\Programs\MiKTeX\tex/latex/geometry\geometry.cfg))
(latexmacros.tex
\c@thm=\count284
\c@axiom=\count285
\c@cor=\count286
\c@lemma=\count287
\c@prop=\count288
\c@defn=\count289
\c@remark=\count290
\c@ex=\count291
\c@prob=\count292
\c@innercustomthm=\count293
\c@innercustomprop=\count294
\c@innercustomlem=\count295
\c@innercustomconj=\count296
\c@innercustomclaim=\count297
\c@innercustomcor=\count298
\c@innercustomdef=\count299
\c@innercustomex=\count300
\c@innercustomass=\count301
\c@innercustomax=\count302
)
(C:\Users\river\AppData\Local\Programs\MiKTeX\tex/latex/l3backend\l3backend-pdf
tex.def
File: l3backend-pdftex.def 2021-01-09 L3 backend support: PDF output (pdfTeX)
\l__kernel_color_stack_int=\count303
\l__pdf_internal_box=\box100
) (m2411_taylor_polynomials.aux)
\openout1 = `m2411_taylor_polynomials.aux'.

LaTeX Font Info:    Checking defaults for OML/cmm/m/it on input line 95.
LaTeX Font Info:    ... okay on input line 95.
LaTeX Font Info:    Checking defaults for OMS/cmsy/m/n on input line 95.
LaTeX Font Info:    ... okay on input line 95.
LaTeX Font Info:    Checking defaults for OT1/cmr/m/n on input line 95.
LaTeX Font Info:    ... okay on input line 95.
LaTeX Font Info:    Checking defaults for T1/cmr/m/n on input line 95.
LaTeX Font Info:    ... okay on input line 95.
LaTeX Font Info:    Checking defaults for TS1/cmr/m/n on input line 95.
LaTeX Font Info:    ... okay on input line 95.
LaTeX Font Info:    Checking defaults for OMX/cmex/m/n on input line 95.
LaTeX Font Info:    ... okay on input line 95.
LaTeX Font Info:    Checking defaults for U/cmr/m/n on input line 95.
LaTeX Font Info:    ... okay on input line 95.

(C:\Users\river\AppData\Local\Programs\MiKTeX\tex/context/base/mkii\supp-pdf.mk
ii
[Loading MPS to PDF converter (version 2006.09.02).]
\scratchcounter=\count304
\scratchdimen=\dimen181
\scratchbox=\box101
\nofMPsegments=\count305
\nofMParguments=\count306
\everyMPshowfont=\toks34
\MPscratchCnt=\count307
\MPscratchDim=\dimen182
\MPnumerator=\count308
\makeMPintoPDFobject=\count309
\everyMPtoPDFconversion=\toks35
)
(C:\Users\river\AppData\Local\Programs\MiKTeX\tex/latex/epstopdf-pkg\epstopdf-b
ase.sty
Package: epstopdf-base 2020-01-24 v2.11 Base part for package epstopdf
Package epstopdf-base Info: Redefining graphics rule for `.eps' on input line 4
85.
)
(C:\Users\river\AppData\Local\Programs\MiKTeX\tex/latex/pdflscape\pdflscape.sty
Package: pdflscape 2019/12/05 v0.12 Display of landscape pages in PDF (HO)
(C:\Users\river\AppData\Local\Programs\MiKTeX\tex/latex/graphics\lscape.sty
Package: lscape 2020/05/28 v3.02 Landscape Pages (DPC)
)
Package pdflscape Info: Auto-detected driver: pdftex on input line 81.
)
*geometry* driver: auto-detecting
*geometry* detected driver: pdftex
*geometry* verbose mode - [ preamble ] result:
* driver: pdftex
* paper: <default>
* layout: <same size as paper>
* layoutoffset:(h,v)=(0.0pt,0.0pt)
* modes: 
* h-part:(L,W,R)=(72.26999pt, 397.48502pt, 144.54pt)
* v-part:(T,H,B)=(72.26999pt, 650.43001pt, 72.26999pt)
* \paperwidth=614.295pt
* \paperheight=794.96999pt
* \textwidth=469.75499pt
* \textheight=650.43pt
* \oddsidemargin=0.0pt
* \evensidemargin=0.0pt
* \topmargin=-37.0pt
* \headheight=12.0pt
* \headsep=25.0pt
* \topskip=11.0pt
* \footskip=30.0pt
* \marginparwidth=59.0pt
* \marginparsep=10.0pt
* \columnsep=10.0pt
* \skip\footins=10.0pt plus 4.0pt minus 2.0pt
* \hoffset=0.0pt
* \voffset=0.0pt
* \mag=1000
* \@twocolumnfalse
* \@twosidefalse
* \@mparswitchfalse
* \@reversemarginfalse
* (1in=72.27pt=25.4mm, 1cm=28.453pt)

LaTeX Font Info:    Trying to load font information for U+msa on input line 95.

(C:\Users\river\AppData\Local\Programs\MiKTeX\tex/latex/amsfonts\umsa.fd
File: umsa.fd 2013/01/14 v3.01 AMS symbols A
)
LaTeX Font Info:    Trying to load font information for U+msb on input line 95.


(C:\Users\river\AppData\Local\Programs\MiKTeX\tex/latex/amsfonts\umsb.fd
File: umsb.fd 2013/01/14 v3.01 AMS symbols B
)
LaTeX Font Info:    Trying to load font information for U+lasy on input line 95
.

(C:\Users\river\AppData\Local\Programs\MiKTeX\tex/latex/base\ulasy.fd
File: ulasy.fd 1998/08/17 v2.2e LaTeX symbol font definitions
)
<sin_taylor_poly_deg1.jpg, id=1, 325.215pt x 201.75375pt>
File: sin_taylor_poly_deg1.jpg Graphic file (type jpg)
<use sin_taylor_poly_deg1.jpg>
Package pdftex.def Info: sin_taylor_poly_deg1.jpg  used on input line 107.
(pdftex.def)             Requested size: 130.0837pt x 80.70006pt.
<sin_taylor_poly_deg3.jpg, id=2, 325.215pt x 201.75375pt>
File: sin_taylor_poly_deg3.jpg Graphic file (type jpg)
<use sin_taylor_poly_deg3.jpg>
Package pdftex.def Info: sin_taylor_poly_deg3.jpg  used on input line 108.
(pdftex.def)             Requested size: 130.0837pt x 80.70006pt.
<sin_taylor_poly_deg7.jpg, id=3, 325.215pt x 201.75375pt>
File: sin_taylor_poly_deg7.jpg Graphic file (type jpg)
<use sin_taylor_poly_deg7.jpg>
Package pdftex.def Info: sin_taylor_poly_deg7.jpg  used on input line 109.
(pdftex.def)             Requested size: 130.0837pt x 80.70006pt.
<sin_taylor_poly_deg13.jpg, id=4, 325.215pt x 201.75375pt>
File: sin_taylor_poly_deg13.jpg Graphic file (type jpg)
<use sin_taylor_poly_deg13.jpg>
Package pdftex.def Info: sin_taylor_poly_deg13.jpg  used on input line 111.
(pdftex.def)             Requested size: 130.0837pt x 80.70006pt.
<sin_taylor_poly_deg21.jpg, id=5, 325.215pt x 201.75375pt>
File: sin_taylor_poly_deg21.jpg Graphic file (type jpg)
<use sin_taylor_poly_deg21.jpg>
Package pdftex.def Info: sin_taylor_poly_deg21.jpg  used on input line 112.
(pdftex.def)             Requested size: 130.0837pt x 80.70006pt.
<sin_taylor_poly_deg25.jpg, id=6, 325.215pt x 201.75375pt>
File: sin_taylor_poly_deg25.jpg Graphic file (type jpg)
<use sin_taylor_poly_deg25.jpg>
Package pdftex.def Info: sin_taylor_poly_deg25.jpg  used on input line 113.
(pdftex.def)             Requested size: 130.0837pt x 80.70006pt.
 [1

{C:/Users/river/AppData/Local/MiKTeX/pdftex/config/pdftex.map} <./sin_taylor_po
ly_deg1.jpg> <./sin_taylor_poly_deg3.jpg> <./sin_taylor_poly_deg7.jpg> <./sin_t
aylor_poly_deg13.jpg> <./sin_taylor_poly_deg21.jpg> <./sin_taylor_poly_deg25.jp
g>]
<exp_taylor_poly_deg1.jpg, id=21, 325.215pt x 201.75375pt>
File: exp_taylor_poly_deg1.jpg Graphic file (type jpg)
<use exp_taylor_poly_deg1.jpg>
Package pdftex.def Info: exp_taylor_poly_deg1.jpg  used on input line 122.
(pdftex.def)             Requested size: 130.0837pt x 80.70006pt.
<exp_taylor_poly_deg3.jpg, id=22, 325.215pt x 201.75375pt>
File: exp_taylor_poly_deg3.jpg Graphic file (type jpg)
<use exp_taylor_poly_deg3.jpg>
Package pdftex.def Info: exp_taylor_poly_deg3.jpg  used on input line 123.
(pdftex.def)             Requested size: 130.0837pt x 80.70006pt.
<exp_taylor_poly_deg7.jpg, id=23, 325.215pt x 201.75375pt>
File: exp_taylor_poly_deg7.jpg Graphic file (type jpg)
<use exp_taylor_poly_deg7.jpg>
Package pdftex.def Info: exp_taylor_poly_deg7.jpg  used on input line 124.
(pdftex.def)             Requested size: 130.0837pt x 80.70006pt.

[2 <./exp_taylor_poly_deg1.jpg> <./exp_taylor_poly_deg3.jpg> <./exp_taylor_poly
_deg7.jpg>]
<taylor_poly_def.jpg, id=31, 697.60625pt x 143.03438pt>
File: taylor_poly_def.jpg Graphic file (type jpg)
<use taylor_poly_def.jpg>
Package pdftex.def Info: taylor_poly_def.jpg  used on input line 149.
(pdftex.def)             Requested size: 488.32104pt x 100.12337pt.

Overfull \hbox (18.56606pt too wide) in paragraph at lines 149--151
 [] 
 []

[3 <./taylor_poly_def.jpg>]
<exp_taylor_poly_formula.jpg, id=36, 427.09563pt x 289.08pt>
File: exp_taylor_poly_formula.jpg Graphic file (type jpg)
<use exp_taylor_poly_formula.jpg>
Package pdftex.def Info: exp_taylor_poly_formula.jpg  used on input line 176.
(pdftex.def)             Requested size: 320.32092pt x 216.80946pt.
<exp_taylor_poly_family.jpg, id=37, 342.78062pt x 239.39438pt>
File: exp_taylor_poly_family.jpg Graphic file (type jpg)
<use exp_taylor_poly_family.jpg>
Package pdftex.def Info: exp_taylor_poly_family.jpg  used on input line 184.
(pdftex.def)             Requested size: 257.08482pt x 179.54533pt.
 [4 <./exp_taylor_poly_formula.jpg> <./exp_taylor_poly_family.jpg>] [5]
<sin_taylor_poly_derivatives.jpg, id=44, 253.94875pt x 127.97812pt>
File: sin_taylor_poly_derivatives.jpg Graphic file (type jpg)
<use sin_taylor_poly_derivatives.jpg>
Package pdftex.def Info: sin_taylor_poly_derivatives.jpg  used on input line 21
1.
(pdftex.def)             Requested size: 177.76291pt x 89.58406pt.
<sin_taylor_poly_formula.jpg, id=45, 344.28625pt x 181.67876pt>
File: sin_taylor_poly_formula.jpg Graphic file (type jpg)
<use sin_taylor_poly_formula.jpg>
Package pdftex.def Info: sin_taylor_poly_formula.jpg  used on input line 220.
(pdftex.def)             Requested size: 240.99872pt x 127.17424pt.

Overfull \hbox (22.77928pt too wide) in paragraph at lines 225--226
[]\OT1/cmr/m/n/10.95 We can see that all the Tay-lor poly-no-mi-als have odd de
-gree so we are only in-ter-ested in $\OML/cmm/m/it/10.95 p[]\OT1/cmr/m/n/10.95
 (\OML/cmm/m/it/10.95 x\OT1/cmr/m/n/10.95 )\OML/cmm/m/it/10.95 ; p[]\OT1/cmr/m/
n/10.95 (\OML/cmm/m/it/10.95 x\OT1/cmr/m/n/10.95 )\OML/cmm/m/it/10.95 ; p[]\OT1
/cmr/m/n/10.95 (\OML/cmm/m/it/10.95 x\OT1/cmr/m/n/10.95 )$,
 []

<sin_taylor_poly_family.jpg, id=46, 343.78438pt x 247.42438pt>
File: sin_taylor_poly_family.jpg Graphic file (type jpg)
<use sin_taylor_poly_family.jpg>
Package pdftex.def Info: sin_taylor_poly_family.jpg  used on input line 229.
(pdftex.def)             Requested size: 154.70152pt x 111.33994pt.
[6 <./sin_taylor_poly_derivatives.jpg> <./sin_taylor_poly_formula.jpg> <./sin_t
aylor_poly_family.jpg>] [7]
<log_taylor_poly_formula.jpg, id=54, 713.66624pt x 337.26pt>
File: log_taylor_poly_formula.jpg Graphic file (type jpg)
<use log_taylor_poly_formula.jpg>
Package pdftex.def Info: log_taylor_poly_formula.jpg  used on input line 257.
(pdftex.def)             Requested size: 535.24837pt x 252.94437pt.

Overfull \hbox (65.49338pt too wide) in paragraph at lines 257--258
 [] 
 []

<log_taylor_poly_family.jpg, id=55, 376.90813pt x 264.99pt>
File: log_taylor_poly_family.jpg Graphic file (type jpg)
<use log_taylor_poly_family.jpg>
Package pdftex.def Info: log_taylor_poly_family.jpg  used on input line 265.
(pdftex.def)             Requested size: 226.1466pt x 158.99522pt.
[8 <./log_taylor_poly_formula.jpg> <./log_taylor_poly_family.jpg>] [9] [10]
[11]
<taylor_theorem.jpg, id=68, 697.10437pt x 311.1625pt>
File: taylor_theorem.jpg Graphic file (type jpg)
<use taylor_theorem.jpg>
Package pdftex.def Info: taylor_theorem.jpg  used on input line 336.
(pdftex.def)             Requested size: 418.26584pt x 186.69894pt.
<sin1_error_deg1_gr01.jpg, id=69, 279.54437pt x 242.9075pt>
File: sin1_error_deg1_gr01.jpg Graphic file (type jpg)
<use sin1_error_deg1_gr01.jpg>
Package pdftex.def Info: sin1_error_deg1_gr01.jpg  used on input line 345.
(pdftex.def)             Requested size: 111.81575pt x 97.16127pt.
<sin1_error_deg5_gr02.jpg, id=70, 318.69063pt x 261.47687pt>
File: sin1_error_deg5_gr02.jpg Graphic file (type jpg)
<use sin1_error_deg5_gr02.jpg>
Package pdftex.def Info: sin1_error_deg5_gr02.jpg  used on input line 346.
(pdftex.def)             Requested size: 127.47398pt x 104.58888pt.
<sin1_error_deg11_gr03.jpg, id=71, 429.10312pt x 258.46562pt>
File: sin1_error_deg11_gr03.jpg Graphic file (type jpg)
<use sin1_error_deg11_gr03.jpg>
Package pdftex.def Info: sin1_error_deg11_gr03.jpg  used on input line 347.
(pdftex.def)             Requested size: 171.6382pt x 103.38441pt.
 [12 <./taylor_theorem.jpg> <./sin1_error_deg1_gr01.jpg> <./sin1_error_deg5_gr0
2.jpg> <./sin1_error_deg11_gr03.jpg>]
<log_error_deg1_gr01.jpg, id=75, 303.63437pt x 288.07625pt>
File: log_error_deg1_gr01.jpg Graphic file (type jpg)
<use log_error_deg1_gr01.jpg>
Package pdftex.def Info: log_error_deg1_gr01.jpg  used on input line 368.
(pdftex.def)             Requested size: 166.9994pt x 158.44241pt.
<log_error_deg8_gr02.jpg, id=76, 332.24126pt x 303.1325pt>
File: log_error_deg8_gr02.jpg Graphic file (type jpg)
<use log_error_deg8_gr02.jpg>
Package pdftex.def Info: log_error_deg8_gr02.jpg  used on input line 369.
(pdftex.def)             Requested size: 182.73325pt x 166.72339pt.
<log_error_deg30_gr03.jpg, id=77, 337.76187pt x 308.65312pt>
File: log_error_deg30_gr03.jpg Graphic file (type jpg)
<use log_error_deg30_gr03.jpg>
Package pdftex.def Info: log_error_deg30_gr03.jpg  used on input line 372.
(pdftex.def)             Requested size: 185.76959pt x 169.75974pt.
<log_error_deg55_gr04.jpg, id=78, 336.75812pt x 303.63437pt>
File: log_error_deg55_gr04.jpg Graphic file (type jpg)
<use log_error_deg55_gr04.jpg>
Package pdftex.def Info: log_error_deg55_gr04.jpg  used on input line 373.
(pdftex.def)             Requested size: 185.21753pt x 166.9994pt.

Overfull \hbox (22.91914pt too wide) detected at line 379
\OML/cmm/m/it/10.95 R[]\OT1/cmr/m/n/10.95 (1\OML/cmm/m/it/10.95 :\OT1/cmr/m/n/1
0.95 9) = 0\OML/cmm/m/it/10.95 :\OT1/cmr/m/n/10.95 258146 \OML/cmm/m/it/10.95 R
[]\OT1/cmr/m/n/10.95 (1\OML/cmm/m/it/10.95 :\OT1/cmr/m/n/10.95 9) = \OMS/cmsy/m
/n/10.95  \OT1/cmr/m/n/10.95 0\OML/cmm/m/it/10.95 :\OT1/cmr/m/n/10.95 0238347 \
OML/cmm/m/it/10.95 R[]\OT1/cmr/m/n/10.95 (1\OML/cmm/m/it/10.95 :\OT1/cmr/m/n/10
.95 9) = 0\OML/cmm/m/it/10.95 :\OT1/cmr/m/n/10.95 000657618 \OML/cmm/m/it/10.95
 R[]\OT1/cmr/m/n/10.95 (1\OML/cmm/m/it/10.95 :\OT1/cmr/m/n/10.95 9) = 0\OML/cmm
/m/it/10.95 :\OT1/cmr/m/n/10.95 0000259593
 []


Overfull \hbox (18.05247pt too wide) detected at line 381
\OML/cmm/m/it/10.95 R[]\OT1/cmr/m/n/10.95 (2\OML/cmm/m/it/10.95 :\OT1/cmr/m/n/1
0.95 1) = 0\OML/cmm/m/it/10.95 :\OT1/cmr/m/n/10.95 358063 \OML/cmm/m/it/10.95 R
[]\OT1/cmr/m/n/10.95 (2\OML/cmm/m/it/10.95 :\OT1/cmr/m/n/10.95 1) = \OMS/cmsy/m
/n/10.95  \OT1/cmr/m/n/10.95 0\OML/cmm/m/it/10.95 :\OT1/cmr/m/n/10.95 132014  \
OML/cmm/m/it/10.95 R[]\OT1/cmr/m/n/10.95 (2\OML/cmm/m/it/10.95 :\OT1/cmr/m/n/10
.95 1) = \OMS/cmsy/m/n/10.95  \OT1/cmr/m/n/10.95 0\OML/cmm/m/it/10.95 :\OT1/cmr
/m/n/10.95 299831  \OML/cmm/m/it/10.95 R[]\OT1/cmr/m/n/10.95 (2\OML/cmm/m/it/10
.95 :\OT1/cmr/m/n/10.95 1) = 1\OML/cmm/m/it/10.95 :\OT1/cmr/m/n/10.95 78496 
 []

[13 <./log_error_deg1_gr01.jpg> <./log_error_deg8_gr02.jpg> <./log_error_deg30_
gr03.jpg> <./log_error_deg55_gr04.jpg>] (m2411_taylor_polynomials.aux) ) 
Here is how much of TeX's memory you used:
 4880 strings out of 479618
 74082 string characters out of 2865026
 369847 words of memory out of 3000000
 21952 multiletter control sequences out of 15000+200000
 416251 words of font info for 68 fonts, out of 3000000 for 9000
 1141 hyphenation exceptions out of 8191
 68i,8n,74p,911b,337s stack positions out of 5000i,500n,10000p,200000b,50000s
<C:/Use
rs/river/AppData/Local/Programs/MiKTeX/fonts/type1/public/amsfonts/cm/cmbx10.pf
b><C:/Users/river/AppData/Local/Programs/MiKTeX/fonts/type1/public/amsfonts/cm/
cmbx12.pfb><C:/Users/river/AppData/Local/Programs/MiKTeX/fonts/type1/public/ams
fonts/cm/cmbxti10.pfb><C:/Users/river/AppData/Local/Programs/MiKTeX/fonts/type1
/public/amsfonts/cm/cmex10.pfb><C:/Users/river/AppData/Local/Programs/MiKTeX/fo
nts/type1/public/amsfonts/cm/cmmi10.pfb><C:/Users/river/AppData/Local/Programs/
MiKTeX/fonts/type1/public/amsfonts/cm/cmmi6.pfb><C:/Users/river/AppData/Local/P
rograms/MiKTeX/fonts/type1/public/amsfonts/cm/cmmi8.pfb><C:/Users/river/AppData
/Local/Programs/MiKTeX/fonts/type1/public/amsfonts/cm/cmr10.pfb><C:/Users/river
/AppData/Local/Programs/MiKTeX/fonts/type1/public/amsfonts/cm/cmr12.pfb><C:/Use
rs/river/AppData/Local/Programs/MiKTeX/fonts/type1/public/amsfonts/cm/cmr17.pfb
><C:/Users/river/AppData/Local/Programs/MiKTeX/fonts/type1/public/amsfonts/cm/c
mr6.pfb><C:/Users/river/AppData/Local/Programs/MiKTeX/fonts/type1/public/amsfon
ts/cm/cmr8.pfb><C:/Users/river/AppData/Local/Programs/MiKTeX/fonts/type1/public
/amsfonts/cm/cmsl10.pfb><C:/Users/river/AppData/Local/Programs/MiKTeX/fonts/typ
e1/public/amsfonts/cm/cmsy10.pfb><C:/Users/river/AppData/Local/Programs/MiKTeX/
fonts/type1/public/amsfonts/cm/cmsy8.pfb>
Output written on m2411_taylor_polynomials.pdf (13 pages, 875262 bytes).
PDF statistics:
 130 PDF objects out of 1000 (max. 8388607)
 0 named destinations out of 1000 (max. 500000)
 126 words of extra memory for PDF output out of 10000 (max. 10000000)

