This is pdfTeX, Version 3.14159265-2.6-1.40.21 (MiKTeX 21.1) (preloaded format=pdflatex 2021.1.19)  6 OCT 2024 23:28
entering extended mode
**./m2411_separable_ode.tex
(m2411_separable_ode.tex
LaTeX2e <2020-10-01> patch level 4
L3 programming layer <2021-01-09> xparse <2020-03-03>
(C:\Users\river\AppData\Local\Programs\MiKTeX\tex/latex/base\article.cls
Document Class: article 2020/04/10 v1.4m Standard LaTeX document class
(C:\Users\river\AppData\Local\Programs\MiKTeX\tex/latex/base\size11.clo
File: size11.clo 2020/04/10 v1.4m Standard LaTeX file (size option)
)
\c@part=\count177
\c@section=\count178
\c@subsection=\count179
\c@subsubsection=\count180
\c@paragraph=\count181
\c@subparagraph=\count182
\c@figure=\count183
\c@table=\count184
\abovecaptionskip=\skip47
\belowcaptionskip=\skip48
\bibindent=\dimen138
)
(C:\Users\river\AppData\Local\Programs\MiKTeX\tex/latex/amsmath\amsmath.sty
Package: amsmath 2020/09/23 v2.17i AMS math features
\@mathmargin=\skip49

For additional information on amsmath, use the `?' option.
(C:\Users\river\AppData\Local\Programs\MiKTeX\tex/latex/amsmath\amstext.sty
Package: amstext 2000/06/29 v2.01 AMS text

(C:\Users\river\AppData\Local\Programs\MiKTeX\tex/latex/amsmath\amsgen.sty
File: amsgen.sty 1999/11/30 v2.0 generic functions
\@emptytoks=\toks15
\ex@=\dimen139
))
(C:\Users\river\AppData\Local\Programs\MiKTeX\tex/latex/amsmath\amsbsy.sty
Package: amsbsy 1999/11/29 v1.2d Bold Symbols
\pmbraise@=\dimen140
)
(C:\Users\river\AppData\Local\Programs\MiKTeX\tex/latex/amsmath\amsopn.sty
Package: amsopn 2016/03/08 v2.02 operator names
)
\inf@bad=\count185
LaTeX Info: Redefining \frac on input line 234.
\uproot@=\count186
\leftroot@=\count187
LaTeX Info: Redefining \overline on input line 399.
\classnum@=\count188
\DOTSCASE@=\count189
LaTeX Info: Redefining \ldots on input line 496.
LaTeX Info: Redefining \dots on input line 499.
LaTeX Info: Redefining \cdots on input line 620.
\Mathstrutbox@=\box47
\strutbox@=\box48
\big@size=\dimen141
LaTeX Font Info:    Redeclaring font encoding OML on input line 743.
LaTeX Font Info:    Redeclaring font encoding OMS on input line 744.
\macc@depth=\count190
\c@MaxMatrixCols=\count191
\dotsspace@=\muskip16
\c@parentequation=\count192
\dspbrk@lvl=\count193
\tag@help=\toks16
\row@=\count194
\column@=\count195
\maxfields@=\count196
\andhelp@=\toks17
\eqnshift@=\dimen142
\alignsep@=\dimen143
\tagshift@=\dimen144
\tagwidth@=\dimen145
\totwidth@=\dimen146
\lineht@=\dimen147
\@envbody=\toks18
\multlinegap=\skip50
\multlinetaggap=\skip51
\mathdisplay@stack=\toks19
LaTeX Info: Redefining \[ on input line 2923.
LaTeX Info: Redefining \] on input line 2924.
)
(C:\Users\river\AppData\Local\Programs\MiKTeX\tex/latex/amscls\amsthm.sty
Package: amsthm 2020/05/29 v2.20.6
\thm@style=\toks20
\thm@bodyfont=\toks21
\thm@headfont=\toks22
\thm@notefont=\toks23
\thm@headpunct=\toks24
\thm@preskip=\skip52
\thm@postskip=\skip53
\thm@headsep=\skip54
\dth@everypar=\toks25
)
(C:\Users\river\AppData\Local\Programs\MiKTeX\tex/latex/amsfonts\amssymb.sty
Package: amssymb 2013/01/14 v3.01 AMS font symbols

(C:\Users\river\AppData\Local\Programs\MiKTeX\tex/latex/amsfonts\amsfonts.sty
Package: amsfonts 2013/01/14 v3.01 Basic AMSFonts support
\symAMSa=\mathgroup4
\symAMSb=\mathgroup5
LaTeX Font Info:    Redeclaring math symbol \hbar on input line 98.
LaTeX Font Info:    Overwriting math alphabet `\mathfrak' in version `bold'
(Font)                  U/euf/m/n --> U/euf/b/n on input line 106.
))
(C:\Users\river\AppData\Local\Programs\MiKTeX\tex/latex/mathtools\mathtools.sty
Package: mathtools 2021/04/12 v1.27 mathematical typesetting tools
(C:\Users\river\AppData\Local\Programs\MiKTeX\tex/latex/graphics\keyval.sty
Package: keyval 2014/10/28 v1.15 key=value parser (DPC)
\KV@toks@=\toks26
)
(C:\Users\river\AppData\Local\Programs\MiKTeX\tex/latex/latex-tools\calc.sty
Package: calc 2017/05/25 v4.3 Infix arithmetic (KKT,FJ)
\calc@Acount=\count197
\calc@Bcount=\count198
\calc@Adimen=\dimen148
\calc@Bdimen=\dimen149
\calc@Askip=\skip55
\calc@Bskip=\skip56
LaTeX Info: Redefining \setlength on input line 80.
LaTeX Info: Redefining \addtolength on input line 81.
\calc@Ccount=\count199
\calc@Cskip=\skip57
)
(C:\Users\river\AppData\Local\Programs\MiKTeX\tex/latex/mathtools\mhsetup.sty
Package: mhsetup 2021/03/18 v1.4 programming setup (MH)
)
LaTeX Info: Thecontrolsequence`\('isalreadyrobust on input line 130.
LaTeX Info: Thecontrolsequence`\)'isalreadyrobust on input line 130.
LaTeX Info: Thecontrolsequence`\['isalreadyrobust on input line 130.
LaTeX Info: Thecontrolsequence`\]'isalreadyrobust on input line 130.
\g_MT_multlinerow_int=\count266
\l_MT_multwidth_dim=\dimen150
\origjot=\skip58
\l_MT_shortvdotswithinadjustabove_dim=\dimen151
\l_MT_shortvdotswithinadjustbelow_dim=\dimen152
\l_MT_above_intertext_sep=\dimen153
\l_MT_below_intertext_sep=\dimen154
\l_MT_above_shortintertext_sep=\dimen155
\l_MT_below_shortintertext_sep=\dimen156
\xmathstrut@box=\box49
\xmathstrut@dim=\dimen157
) (C:\Users\river\AppData\Local\Programs\MiKTeX\tex/latex/base\latexsym.sty
Package: latexsym 1998/08/17 v2.2e Standard LaTeX package (lasy symbols)
\symlasy=\mathgroup6
LaTeX Font Info:    Overwriting symbol font `lasy' in version `bold'
(Font)                  U/lasy/m/n --> U/lasy/b/n on input line 52.
)
(C:\Users\river\AppData\Local\Programs\MiKTeX\tex/latex/graphics\graphicx.sty
Package: graphicx 2020/09/09 v1.2b Enhanced LaTeX Graphics (DPC,SPQR)

(C:\Users\river\AppData\Local\Programs\MiKTeX\tex/latex/graphics\graphics.sty
Package: graphics 2020/08/30 v1.4c Standard LaTeX Graphics (DPC,SPQR)

(C:\Users\river\AppData\Local\Programs\MiKTeX\tex/latex/graphics\trig.sty
Package: trig 2016/01/03 v1.10 sin cos tan (DPC)
)
(C:\Users\river\AppData\Local\Programs\MiKTeX\tex/latex/graphics-cfg\graphics.c
fg
File: graphics.cfg 2016/06/04 v1.11 sample graphics configuration
)
Package graphics Info: Driver file: pdftex.def on input line 105.

(C:\Users\river\AppData\Local\Programs\MiKTeX\tex/latex/graphics-def\pdftex.def
File: pdftex.def 2020/10/05 v1.2a Graphics/color driver for pdftex
))
\Gin@req@height=\dimen158
\Gin@req@width=\dimen159
) (C:\Users\river\AppData\Local\Programs\MiKTeX\tex/latex/graphics\color.sty
Package: color 2020/02/24 v1.2b Standard LaTeX Color (DPC)

(C:\Users\river\AppData\Local\Programs\MiKTeX\tex/latex/graphics-cfg\color.cfg
File: color.cfg 2016/01/02 v1.6 sample color configuration
)
Package color Info: Driver file: pdftex.def on input line 147.
)
(C:\Users\river\AppData\Local\Programs\MiKTeX\tex/latex/latex-tools\verbatim.st
y
Package: verbatim 2020-07-07 v1.5u LaTeX2e package for verbatim enhancements
\every@verbatim=\toks27
\verbatim@line=\toks28
\verbatim@in@stream=\read2
) (C:\Users\river\AppData\Local\Programs\MiKTeX\tex/latex/float\float.sty
Package: float 2001/11/08 v1.3d Float enhancements (AL)
\c@float@type=\count267
\float@exts=\toks29
\float@box=\box50
\@float@everytoks=\toks30
\@floatcapt=\box51
)
(C:\Users\river\AppData\Local\Programs\MiKTeX\tex/latex/latex-tools\multicol.st
y
Package: multicol 2019/12/09 v1.8y multicolumn formatting (FMi)
\c@tracingmulticols=\count268
\mult@box=\box52
\multicol@leftmargin=\dimen160
\c@unbalance=\count269
\c@collectmore=\count270
\doublecol@number=\count271
\multicoltolerance=\count272
\multicolpretolerance=\count273
\full@width=\dimen161
\page@free=\dimen162
\premulticols=\dimen163
\postmulticols=\dimen164
\multicolsep=\skip59
\multicolbaselineskip=\skip60
\partial@page=\box53
\last@line=\box54
\maxbalancingoverflow=\dimen165
\mult@rightbox=\box55
\mult@grightbox=\box56
\mult@gfirstbox=\box57
\mult@firstbox=\box58
\@tempa=\box59
\@tempa=\box60
\@tempa=\box61
\@tempa=\box62
\@tempa=\box63
\@tempa=\box64
\@tempa=\box65
\@tempa=\box66
\@tempa=\box67
\@tempa=\box68
\@tempa=\box69
\@tempa=\box70
\@tempa=\box71
\@tempa=\box72
\@tempa=\box73
\@tempa=\box74
\@tempa=\box75
\@tempa=\box76
\@tempa=\box77
\@tempa=\box78
\@tempa=\box79
\@tempa=\box80
\@tempa=\box81
\@tempa=\box82
\@tempa=\box83
\@tempa=\box84
\@tempa=\box85
\@tempa=\box86
\@tempa=\box87
\@tempa=\box88
\@tempa=\box89
\@tempa=\box90
\@tempa=\box91
\@tempa=\box92
\@tempa=\box93
\@tempa=\box94
\@tempa=\box95
\c@minrows=\count274
\c@columnbadness=\count275
\c@finalcolumnbadness=\count276
\last@try=\dimen166
\multicolovershoot=\dimen167
\multicolundershoot=\dimen168
\mult@nat@firstbox=\box96
\colbreak@box=\box97
\mc@col@check@num=\count277
)
(C:\Users\river\AppData\Local\Programs\MiKTeX\tex/latex/pdfpages\pdfpages.sty
Package: pdfpages 2021/01/09 v0.5r Insert pages of external PDF documents (AM)

(C:\Users\river\AppData\Local\Programs\MiKTeX\tex/latex/base\ifthen.sty
Package: ifthen 2014/09/29 v1.1c Standard LaTeX ifthen package (DPC)
)
(C:\Users\river\AppData\Local\Programs\MiKTeX\tex/latex/eso-pic\eso-pic.sty
Package: eso-pic 2020/10/14 v3.0a eso-pic (RN)
\ESO@tempdima=\dimen169
\ESO@tempdimb=\dimen170
)
\AM@pagewidth=\dimen171
\AM@pageheight=\dimen172

(C:\Users\river\AppData\Local\Programs\MiKTeX\tex/latex/pdfpages\pppdftex.def
File: pppdftex.def 2021/01/09 v0.5r Pdfpages driver for pdfTeX (AM)
)
\pdfpages@includegraphics@status=\count278
\AM@pagebox=\box98
\AM@global@opts=\toks31
\AM@pagecnt=\count279
\AM@toc@title=\toks32
\c@AM@survey=\count280
\AM@templatesizebox=\box99
) (C:\Users\river\AppData\Local\Programs\MiKTeX\tex/latex/geometry\geometry.sty
Package: geometry 2020/01/02 v5.9 Page Geometry

(C:\Users\river\AppData\Local\Programs\MiKTeX\tex/generic/iftex\ifvtex.sty
Package: ifvtex 2019/10/25 v1.7 ifvtex legacy package. Use iftex instead.

(C:\Users\river\AppData\Local\Programs\MiKTeX\tex/generic/iftex\iftex.sty
Package: iftex 2020/03/06 v1.0d TeX engine tests
))
\Gm@cnth=\count281
\Gm@cntv=\count282
\c@Gm@tempcnt=\count283
\Gm@bindingoffset=\dimen173
\Gm@wd@mp=\dimen174
\Gm@odd@mp=\dimen175
\Gm@even@mp=\dimen176
\Gm@layoutwidth=\dimen177
\Gm@layoutheight=\dimen178
\Gm@layouthoffset=\dimen179
\Gm@layoutvoffset=\dimen180
\Gm@dimlist=\toks33

(C:\Users\river\AppData\Local\Programs\MiKTeX\tex/latex/geometry\geometry.cfg))
(latexmacros.tex
\c@thm=\count284
\c@axiom=\count285
\c@cor=\count286
\c@lemma=\count287
\c@prop=\count288
\c@defn=\count289
\c@remark=\count290
\c@ex=\count291
\c@prob=\count292
\c@innercustomthm=\count293
\c@innercustomprop=\count294
\c@innercustomlem=\count295
\c@innercustomconj=\count296
\c@innercustomclaim=\count297
\c@innercustomcor=\count298
\c@innercustomdef=\count299
\c@innercustomex=\count300
\c@innercustomass=\count301
\c@innercustomax=\count302
)
(C:\Users\river\AppData\Local\Programs\MiKTeX\tex/latex/l3backend\l3backend-pdf
tex.def
File: l3backend-pdftex.def 2021-01-09 L3 backend support: PDF output (pdfTeX)
\l__kernel_color_stack_int=\count303
\l__pdf_internal_box=\box100
) (m2411_separable_ode.aux)
\openout1 = `m2411_separable_ode.aux'.

LaTeX Font Info:    Checking defaults for OML/cmm/m/it on input line 95.
LaTeX Font Info:    ... okay on input line 95.
LaTeX Font Info:    Checking defaults for OMS/cmsy/m/n on input line 95.
LaTeX Font Info:    ... okay on input line 95.
LaTeX Font Info:    Checking defaults for OT1/cmr/m/n on input line 95.
LaTeX Font Info:    ... okay on input line 95.
LaTeX Font Info:    Checking defaults for T1/cmr/m/n on input line 95.
LaTeX Font Info:    ... okay on input line 95.
LaTeX Font Info:    Checking defaults for TS1/cmr/m/n on input line 95.
LaTeX Font Info:    ... okay on input line 95.
LaTeX Font Info:    Checking defaults for OMX/cmex/m/n on input line 95.
LaTeX Font Info:    ... okay on input line 95.
LaTeX Font Info:    Checking defaults for U/cmr/m/n on input line 95.
LaTeX Font Info:    ... okay on input line 95.

(C:\Users\river\AppData\Local\Programs\MiKTeX\tex/context/base/mkii\supp-pdf.mk
ii
[Loading MPS to PDF converter (version 2006.09.02).]
\scratchcounter=\count304
\scratchdimen=\dimen181
\scratchbox=\box101
\nofMPsegments=\count305
\nofMParguments=\count306
\everyMPshowfont=\toks34
\MPscratchCnt=\count307
\MPscratchDim=\dimen182
\MPnumerator=\count308
\makeMPintoPDFobject=\count309
\everyMPtoPDFconversion=\toks35
)
(C:\Users\river\AppData\Local\Programs\MiKTeX\tex/latex/epstopdf-pkg\epstopdf-b
ase.sty
Package: epstopdf-base 2020-01-24 v2.11 Base part for package epstopdf
Package epstopdf-base Info: Redefining graphics rule for `.eps' on input line 4
85.
)
(C:\Users\river\AppData\Local\Programs\MiKTeX\tex/latex/pdflscape\pdflscape.sty
Package: pdflscape 2019/12/05 v0.12 Display of landscape pages in PDF (HO)
(C:\Users\river\AppData\Local\Programs\MiKTeX\tex/latex/graphics\lscape.sty
Package: lscape 2020/05/28 v3.02 Landscape Pages (DPC)
)
Package pdflscape Info: Auto-detected driver: pdftex on input line 81.
)
*geometry* driver: auto-detecting
*geometry* detected driver: pdftex
*geometry* verbose mode - [ preamble ] result:
* driver: pdftex
* paper: <default>
* layout: <same size as paper>
* layoutoffset:(h,v)=(0.0pt,0.0pt)
* modes: 
* h-part:(L,W,R)=(72.26999pt, 397.48502pt, 144.54pt)
* v-part:(T,H,B)=(72.26999pt, 650.43001pt, 72.26999pt)
* \paperwidth=614.295pt
* \paperheight=794.96999pt
* \textwidth=469.75499pt
* \textheight=650.43pt
* \oddsidemargin=0.0pt
* \evensidemargin=0.0pt
* \topmargin=-37.0pt
* \headheight=12.0pt
* \headsep=25.0pt
* \topskip=11.0pt
* \footskip=30.0pt
* \marginparwidth=59.0pt
* \marginparsep=10.0pt
* \columnsep=10.0pt
* \skip\footins=10.0pt plus 4.0pt minus 2.0pt
* \hoffset=0.0pt
* \voffset=0.0pt
* \mag=1000
* \@twocolumnfalse
* \@twosidefalse
* \@mparswitchfalse
* \@reversemarginfalse
* (1in=72.27pt=25.4mm, 1cm=28.453pt)

LaTeX Font Info:    Trying to load font information for U+msa on input line 95.

(C:\Users\river\AppData\Local\Programs\MiKTeX\tex/latex/amsfonts\umsa.fd
File: umsa.fd 2013/01/14 v3.01 AMS symbols A
)
LaTeX Font Info:    Trying to load font information for U+msb on input line 95.


(C:\Users\river\AppData\Local\Programs\MiKTeX\tex/latex/amsfonts\umsb.fd
File: umsb.fd 2013/01/14 v3.01 AMS symbols B
)
LaTeX Font Info:    Trying to load font information for U+lasy on input line 95
.

(C:\Users\river\AppData\Local\Programs\MiKTeX\tex/latex/base\ulasy.fd
File: ulasy.fd 1998/08/17 v2.2e LaTeX symbol font definitions
)
<ode_definition_gr01.jpg, id=1, 696.6025pt x 102.88437pt>
File: ode_definition_gr01.jpg Graphic file (type jpg)
<use ode_definition_gr01.jpg>
Package pdftex.def Info: ode_definition_gr01.jpg  used on input line 105.
(pdftex.def)             Requested size: 487.61842pt x 72.01855pt.

Overfull \hbox (17.86343pt too wide) in paragraph at lines 105--107
 [] 
 []

<ode_and_solutions_gr02.jpg, id=2, 371.3875pt x 211.28937pt>
File: ode_and_solutions_gr02.jpg Graphic file (type jpg)
<use ode_and_solutions_gr02.jpg>
Package pdftex.def Info: ode_and_solutions_gr02.jpg  used on input line 116.
(pdftex.def)             Requested size: 259.96947pt x 147.90154pt.
<ode_definition_gr03.jpg, id=3, 699.61375pt x 74.2775pt>
File: ode_definition_gr03.jpg Graphic file (type jpg)
<use ode_definition_gr03.jpg>
Package pdftex.def Info: ode_definition_gr03.jpg  used on input line 125.
(pdftex.def)             Requested size: 489.72629pt x 51.99388pt.

Overfull \hbox (19.9713pt too wide) in paragraph at lines 125--127
 [] 
 []

[1

{C:/Users/river/AppData/Local/MiKTeX/pdftex/config/pdftex.map} <./ode_definitio
n_gr01.jpg> <./ode_and_solutions_gr02.jpg> <./ode_definition_gr03.jpg>]
<separable_ode_gr05.jpg, id=15, 156.585pt x 110.4125pt>
File: separable_ode_gr05.jpg Graphic file (type jpg)
<use separable_ode_gr05.jpg>
Package pdftex.def Info: separable_ode_gr05.jpg  used on input line 142.
(pdftex.def)             Requested size: 109.60873pt x 77.28821pt.

[2 <./separable_ode_gr05.jpg>] [3]
<ode_family_solutions_gr07.jpg, id=30, 588.1975pt x 541.02126pt>
File: ode_family_solutions_gr07.jpg Graphic file (type jpg)
<use ode_family_solutions_gr07.jpg>
Package pdftex.def Info: ode_family_solutions_gr07.jpg  used on input line 202.

(pdftex.def)             Requested size: 294.09802pt x 270.50996pt.
 [4 <./ode_family_solutions_gr07.jpg>]
[5]
<ode_explicit_solution_gr08.jpg, id=38, 590.205pt x 542.52687pt>
File: ode_explicit_solution_gr08.jpg Graphic file (type jpg)
<use ode_explicit_solution_gr08.jpg>
Package pdftex.def Info: ode_explicit_solution_gr08.jpg  used on input line 238
.
(pdftex.def)             Requested size: 236.0778pt x 217.0069pt.
 [6 <./ode_explicit_solution_gr08.jpg>] [7] [8]
<ode_solpt1_gr09.jpg, id=50, 636.3775pt x 89.33376pt>
File: ode_solpt1_gr09.jpg Graphic file (type jpg)
<use ode_solpt1_gr09.jpg>
Package pdftex.def Info: ode_solpt1_gr09.jpg  used on input line 298.
(pdftex.def)             Requested size: 477.28195pt x 67.00014pt.

Overfull \hbox (7.52696pt too wide) in paragraph at lines 298--300
 [] 
 []

<ode_solpt2_gr10.jpg, id=51, 647.92062pt x 91.34125pt>
File: ode_solpt2_gr10.jpg Graphic file (type jpg)
<use ode_solpt2_gr10.jpg>
Package pdftex.def Info: ode_solpt2_gr10.jpg  used on input line 307.
(pdftex.def)             Requested size: 485.93927pt x 68.50575pt.

Overfull \hbox (16.18428pt too wide) in paragraph at lines 307--309
 [] 
 []

<ode_solution_gr11.jpg, id=52, 361.35pt x 223.83624pt>
File: ode_solution_gr11.jpg Graphic file (type jpg)
<use ode_solution_gr11.jpg>
Package pdftex.def Info: ode_solution_gr11.jpg  used on input line 328.
(pdftex.def)             Requested size: 271.01184pt x 167.87677pt.
[9 <./ode_solpt1_gr09.jpg> <./ode_solpt2_gr10.jpg>] [10 <./ode_solution_gr11.jp
g>] [11]
<ode_family_solutions_gr12.jpg, id=62, 589.70313pt x 542.52687pt>
File: ode_family_solutions_gr12.jpg Graphic file (type jpg)
<use ode_family_solutions_gr12.jpg>
Package pdftex.def Info: ode_family_solutions_gr12.jpg  used on input line 375.

(pdftex.def)             Requested size: 235.87706pt x 217.0069pt.
 [12 <./ode_family_solutions_gr12.jpg>] (m2411_separable_ode.aux) ) 
Here is how much of TeX's memory you used:
 4797 strings out of 479618
 71573 string characters out of 2865026
 365857 words of memory out of 3000000
 21881 multiletter control sequences out of 15000+200000
 417002 words of font info for 72 fonts, out of 3000000 for 9000
 1141 hyphenation exceptions out of 8191
 68i,14n,74p,403b,333s stack positions out of 5000i,500n,10000p,200000b,50000s
<C:/Users/ri
ver/AppData/Local/Programs/MiKTeX/fonts/type1/public/amsfonts/cm/cmbx10.pfb><C:
/Users/river/AppData/Local/Programs/MiKTeX/fonts/type1/public/amsfonts/cm/cmbx1
2.pfb><C:/Users/river/AppData/Local/Programs/MiKTeX/fonts/type1/public/amsfonts
/cm/cmbxti10.pfb><C:/Users/river/AppData/Local/Programs/MiKTeX/fonts/type1/publ
ic/amsfonts/cm/cmex10.pfb><C:/Users/river/AppData/Local/Programs/MiKTeX/fonts/t
ype1/public/amsfonts/cmextra/cmex8.pfb><C:/Users/river/AppData/Local/Programs/M
iKTeX/fonts/type1/public/amsfonts/cm/cmmi10.pfb><C:/Users/river/AppData/Local/P
rograms/MiKTeX/fonts/type1/public/amsfonts/cm/cmmi5.pfb><C:/Users/river/AppData
/Local/Programs/MiKTeX/fonts/type1/public/amsfonts/cm/cmmi6.pfb><C:/Users/river
/AppData/Local/Programs/MiKTeX/fonts/type1/public/amsfonts/cm/cmmi8.pfb><C:/Use
rs/river/AppData/Local/Programs/MiKTeX/fonts/type1/public/amsfonts/cm/cmr10.pfb
><C:/Users/river/AppData/Local/Programs/MiKTeX/fonts/type1/public/amsfonts/cm/c
mr12.pfb><C:/Users/river/AppData/Local/Programs/MiKTeX/fonts/type1/public/amsfo
nts/cm/cmr17.pfb><C:/Users/river/AppData/Local/Programs/MiKTeX/fonts/type1/publ
ic/amsfonts/cm/cmr6.pfb><C:/Users/river/AppData/Local/Programs/MiKTeX/fonts/typ
e1/public/amsfonts/cm/cmr8.pfb><C:/Users/river/AppData/Local/Programs/MiKTeX/fo
nts/type1/public/amsfonts/cm/cmsl10.pfb><C:/Users/river/AppData/Local/Programs/
MiKTeX/fonts/type1/public/amsfonts/cm/cmsy10.pfb><C:/Users/river/AppData/Local/
Programs/MiKTeX/fonts/type1/public/amsfonts/cm/cmsy8.pfb>
Output written on m2411_separable_ode.pdf (12 pages, 861898 bytes).
PDF statistics:
 119 PDF objects out of 1000 (max. 8388607)
 0 named destinations out of 1000 (max. 500000)
 51 words of extra memory for PDF output out of 10000 (max. 10000000)

